[⚠️ ATTACK DETECTED] [2025-05-06 03:12:28.415874]
Filename: my-note.txt
Content Preview: /bin/bash 127.0.0.1...
------------------------------------------------------------
REAL_IP       : 127.0.0.1
PROXY_IP      : 127.0.0.1
GEOLOCATION   : Geolocation API error
FILENAME      : my-note.txt
METHOD        : POST
URL           : http://127.0.0.1:5000/save_note
USER-AGENT    : Mozilla/5.0 (X11; Linux x86_64) AppleWebKit/537.36 (KHTML, like Gecko) Chrome/134.0.0.0 Safari/537.36
REFERRER      : http://127.0.0.1:5000/note_pad
HOST          : 127.0.0.1:5000
ORIGIN        : http://127.0.0.1:5000
COOKIE        : session=.eJztk7EKwkAMhl_lzFwEHfsGgts5CFJKuEtrsKalyQlS-u4eqKuIg1On8P38379lgrrpUM-kUJ4mcJYPaAqBVKGAfd-yuBc3qVtBNRfvWkRpacyto_cOzTBcXCSjYBTXznMraciBcMbF-4Pn_WH3m5h04MB9UofB-MZ2Xwa-HPj8LFUBSWmsOUK52T5B8EpQAkovMD8AyGgvbA.aBkdYw.CpnB8at08c-qAsuL3PediFpsVTc
ACCEPT        : */*
ACCEPT-LANG   : en-US,en;q=0.5
ACCEPT-ENC    : gzip, deflate, br, zstd
CONTENT-TYPE  : application/json
CONTENT-LEN   : 58
CONNECTION    : keep-alive
CACHE-CONTROL : None
SEC-GPC       : 1
SEC-UA        : "Chromium";v="134", "Not:A-Brand";v="24", "Brave";v="134"
SEC-UA-PLAT   : "Linux"
SEC-UA-MOB    : ?0
SEC-F-DST     : empty
SEC-F-USER    : None
SEC-F-MODE    : cors
SEC-F-SITE    : same-origin
X-FORWARDED   : None
X-REAL-IP     : None
--------------------------------------------------
============================================================

[2025-05-06 03:22:13.730228] [LFI DETECTED - PATH]
REAL_IP       : 127.0.0.1
PROXY_IP      : 127.0.0.1
GEOLOCATION   : Geolocation not available
PATH         : /dashboard/etc/passwd?
METHOD        : GET
URL           : http://127.0.0.1:5000/dashboard/etc/passwd
USER-AGENT    : Mozilla/5.0 (X11; Linux x86_64) AppleWebKit/537.36 (KHTML, like Gecko) Chrome/134.0.0.0 Safari/537.36
REFERRER      : None
HOST          : 127.0.0.1:5000
ORIGIN        : None
COOKIE        : session=.eJztk7EKwkAMhl_lzFwEHfsGgts5CFJKuEtrsKalyQlS-u4eqKuIg1On8P18_79lgrrpUM-kUJ4mcJYPaAqBVKGAfd-yuBc3qVtBNRdvLaK0NGbr6L1DMwwXF8koGMW189xKGnIgnHHp_aHn_WH3WzHpwIH7pA6D8Y3tvgx8OfDls3zWqgKS0lhzhHKzfYLglaAElF5gfgAEPzyB.aBkylg.6mEHgRz4_w0w_P5Vutxt61VMBiw
ACCEPT        : text/html,application/xhtml+xml,application/xml;q=0.9,image/avif,image/webp,image/apng,*/*;q=0.8
ACCEPT-LANG   : en-US,en;q=0.5
ACCEPT-ENC    : gzip, deflate, br, zstd
CONTENT-TYPE  : None
CONTENT-LEN   : None
CONNECTION    : keep-alive
CACHE-CONTROL : None
SEC-GPC       : 1
SEC-UA        : "Chromium";v="134", "Not:A-Brand";v="24", "Brave";v="134"
SEC-UA-PLAT   : "Linux"
SEC-UA-MOB    : ?0
SEC-F-DST     : document
SEC-F-USER    : ?1
SEC-F-MODE    : navigate
SEC-F-SITE    : none
X-FORWARDED   : None
X-REAL-IP     : None
--------------------------------------------------
